# JRE version: Java(TM) SE Runtime Environment (8.0_92-b14) (build 1.8.0_92-b14)
# Java VM: Java HotSpot(TM) Client VM (25.92-b14 mixed mode windows-x86 )
Heap:
 def new generation   total 39424K, used 13928K [0x10200000, 0x12cc0000, 0x1aca0000)
  eden space 35072K,  38% used [0x10200000, 0x10f42af0, 0x12440000)
  from space 4352K,   8% used [0x12880000, 0x128d78b8, 0x12cc0000)
  to   space 4352K,   0% used [0x12440000, 0x12440000, 0x12880000)
 tenured generation   total 87424K, used 46494K [0x1aca0000, 0x20200000, 0x30200000)
   the space 87424K,  53% used [0x1aca0000, 0x1da07ad0, 0x1da07c00, 0x20200000)
 Metaspace       used 19172K, capacity 19618K, committed 19712K, reserved 19840K
GC Heap History (10 events):
Event: 116850.853 GC heap before
{Heap before GC invocations=67 (full 1):
 def new generation   total 39424K, used 35166K [0x10200000, 0x12cc0000, 0x1aca0000)
  eden space 35072K, 100% used [0x10200000, 0x12440000, 0x12440000)
  from space 4352K,   2% used [0x12440000, 0x12457ba8, 0x12880000)
  to   space 4352K,   0% used [0x12880000, 0x12880000, 0x12cc0000)
 tenured generation   total 87424K, used 46426K [0x1aca0000, 0x20200000, 0x30200000)
   the space 87424K,  53% used [0x1aca0000, 0x1d9f6ad0, 0x1d9f6c00, 0x20200000)
 Metaspace       used 19172K, capacity 19618K, committed 19712K, reserved 19840K
Event: 116850.857 GC heap after
Heap after GC invocations=68 (full 1):
 def new generation   total 39424K, used 26K [0x10200000, 0x12cc0000, 0x1aca0000)
  eden space 35072K,   0% used [0x10200000, 0x10200000, 0x12440000)
  from space 4352K,   0% used [0x12880000, 0x12886b68, 0x12cc0000)
  to   space 4352K,   0% used [0x12440000, 0x12440000, 0x12880000)
 tenured generation   total 87424K, used 46494K [0x1aca0000, 0x20200000, 0x30200000)
   the space 87424K,  53% used [0x1aca0000, 0x1da07ad0, 0x1da07c00, 0x20200000)
 Metaspace       used 19172K, capacity 19618K, committed 19712K, reserved 19840K
}
Event: 117036.519 GC heap before
{Heap before GC invocations=68 (full 1):
 def new generation   total 39424K, used 35098K [0x10200000, 0x12cc0000, 0x1aca0000)
  eden space 35072K, 100% used [0x10200000, 0x12440000, 0x12440000)
  from space 4352K,   0% used [0x12880000, 0x12886b68, 0x12cc0000)
  to   space 4352K,   0% used [0x12440000, 0x12440000, 0x12880000)
 tenured generation   total 87424K, used 46494K [0x1aca0000, 0x20200000, 0x30200000)
   the space 87424K,  53% used [0x1aca0000, 0x1da07ad0, 0x1da07c00, 0x20200000)
 Metaspace       used 19172K, capacity 19618K, committed 19712K, reserved 19840K
Event: 117036.522 GC heap after
Heap after GC invocations=69 (full 1):
 def new generation   total 39424K, used 26K [0x10200000, 0x12cc0000, 0x1aca0000)
  eden space 35072K,   0% used [0x10200000, 0x10200000, 0x12440000)
  from space 4352K,   0% used [0x12440000, 0x12446b68, 0x12880000)
  to   space 4352K,   0% used [0x12880000, 0x12880000, 0x12cc0000)
 tenured generation   total 87424K, used 46494K [0x1aca0000, 0x20200000, 0x30200000)
   the space 87424K,  53% used [0x1aca0000, 0x1da07ad0, 0x1da07c00, 0x20200000)
 Metaspace       used 19172K, capacity 19618K, committed 19712K, reserved 19840K
}
Event: 117222.631 GC heap before
{Heap before GC invocations=69 (full 1):
 def new generation   total 39424K, used 35098K [0x10200000, 0x12cc0000, 0x1aca0000)
  eden space 35072K, 100% used [0x10200000, 0x12440000, 0x12440000)
  from space 4352K,   0% used [0x12440000, 0x12446b68, 0x12880000)
  to   space 4352K,   0% used [0x12880000, 0x12880000, 0x12cc0000)
 tenured generation   total 87424K, used 46494K [0x1aca0000, 0x20200000, 0x30200000)
   the space 87424K,  53% used [0x1aca0000, 0x1da07ad0, 0x1da07c00, 0x20200000)
 Metaspace       used 19172K, capacity 19618K, committed 19712K, reserved 19840K
Event: 117222.634 GC heap after
Heap after GC invocations=70 (full 1):
 def new generation   total 39424K, used 26K [0x10200000, 0x12cc0000, 0x1aca0000)
  eden space 35072K,   0% used [0x10200000, 0x10200000, 0x12440000)
  from space 4352K,   0% used [0x12880000, 0x12886b68, 0x12cc0000)
  to   space 4352K,   0% used [0x12440000, 0x12440000, 0x12880000)
 tenured generation   total 87424K, used 46494K [0x1aca0000, 0x20200000, 0x30200000)
   the space 87424K,  53% used [0x1aca0000, 0x1da07ad0, 0x1da07c00, 0x20200000)
 Metaspace       used 19172K, capacity 19618K, committed 19712K, reserved 19840K
}
Event: 117402.280 GC heap before
{Heap before GC invocations=70 (full 1):
 def new generation   total 39424K, used 35098K [0x10200000, 0x12cc0000, 0x1aca0000)
  eden space 35072K, 100% used [0x10200000, 0x12440000, 0x12440000)
  from space 4352K,   0% used [0x12880000, 0x12886b68, 0x12cc0000)
  to   space 4352K,   0% used [0x12440000, 0x12440000, 0x12880000)
 tenured generation   total 87424K, used 46494K [0x1aca0000, 0x20200000, 0x30200000)
   the space 87424K,  53% used [0x1aca0000, 0x1da07ad0, 0x1da07c00, 0x20200000)
 Metaspace       used 19172K, capacity 19618K, committed 19712K, reserved 19840K
Event: 117402.283 GC heap after
Heap after GC invocations=71 (full 1):
 def new generation   total 39424K, used 27K [0x10200000, 0x12cc0000, 0x1aca0000)
  eden space 35072K,   0% used [0x10200000, 0x10200000, 0x12440000)
  from space 4352K,   0% used [0x12440000, 0x12446d50, 0x12880000)
  to   space 4352K,   0% used [0x12880000, 0x12880000, 0x12cc0000)
 tenured generation   total 87424K, used 46494K [0x1aca0000, 0x20200000, 0x30200000)
   the space 87424K,  53% used [0x1aca0000, 0x1da07ad0, 0x1da07c00, 0x20200000)
 Metaspace       used 19172K, capacity 19618K, committed 19712K, reserved 19840K
}
Event: 119302.821 GC heap before
{Heap before GC invocations=71 (full 1):
 def new generation   total 39424K, used 33084K [0x10200000, 0x12cc0000, 0x1aca0000)
  eden space 35072K,  94% used [0x10200000, 0x122483d8, 0x12440000)
  from space 4352K,   0% used [0x12440000, 0x12446d50, 0x12880000)
  to   space 4352K,   0% used [0x12880000, 0x12880000, 0x12cc0000)
 tenured generation   total 87424K, used 46494K [0x1aca0000, 0x20200000, 0x30200000)
   the space 87424K,  53% used [0x1aca0000, 0x1da07ad0, 0x1da07c00, 0x20200000)
 Metaspace       used 19172K, capacity 19618K, committed 19712K, reserved 19840K
Event: 119302.830 GC heap after
Heap after GC invocations=72 (full 1):
 def new generation   total 39424K, used 350K [0x10200000, 0x12cc0000, 0x1aca0000)
  eden space 35072K,   0% used [0x10200000, 0x10200000, 0x12440000)
  from space 4352K,   8% used [0x12880000, 0x128d78b8, 0x12cc0000)
  to   space 4352K,   0% used [0x12440000, 0x12440000, 0x12880000)
 tenured generation   total 87424K, used 46494K [0x1aca0000, 0x20200000, 0x30200000)
   the space 87424K,  53% used [0x1aca0000, 0x1da07ad0, 0x1da07c00, 0x20200000)
 Metaspace       used 19172K, capacity 19618K, committed 19712K, reserved 19840K
}

